{"/Users/genaro_almaraz/Desktop/cs50-react-native/lecture-12/contacts-list-project/API.js": {"path":"/Users/genaro_almaraz/Desktop/cs50-react-native/lecture-12/contacts-list-project/API.js","statementMap":{"0":{"start":{"line":4,"column":23},"end":{"line":7,"column":2}},"1":{"start":{"line":4,"column":35},"end":{"line":7,"column":1}},"2":{"start":{"line":9,"column":26},"end":{"line":13,"column":1}},"3":{"start":{"line":10,"column":21},"end":{"line":10,"column":73}},"4":{"start":{"line":11,"column":24},"end":{"line":11,"column":45}},"5":{"start":{"line":12,"column":4},"end":{"line":12,"column":39}},"6":{"start":{"line":15,"column":21},"end":{"line":33,"column":1}},"7":{"start":{"line":16,"column":21},"end":{"line":25,"column":6}},"8":{"start":{"line":27,"column":4},"end":{"line":29,"column":5}},"9":{"start":{"line":28,"column":8},"end":{"line":28,"column":20}},"10":{"start":{"line":31,"column":23},"end":{"line":31,"column":44}},"11":{"start":{"line":32,"column":4},"end":{"line":32,"column":32}},"12":{"start":{"line":35,"column":29},"end":{"line":40,"column":1}},"13":{"start":{"line":36,"column":21},"end":{"line":36,"column":80}},"14":{"start":{"line":37,"column":19},"end":{"line":37,"column":40}},"15":{"start":{"line":39,"column":4},"end":{"line":39,"column":17}}},"fnMap":{"0":{"name":"(anonymous_0)","decl":{"start":{"line":4,"column":23},"end":{"line":4,"column":24}},"loc":{"start":{"line":4,"column":35},"end":{"line":7,"column":1}},"line":4},"1":{"name":"(anonymous_1)","decl":{"start":{"line":9,"column":26},"end":{"line":9,"column":27}},"loc":{"start":{"line":9,"column":38},"end":{"line":13,"column":1}},"line":9},"2":{"name":"(anonymous_2)","decl":{"start":{"line":15,"column":21},"end":{"line":15,"column":22}},"loc":{"start":{"line":15,"column":50},"end":{"line":33,"column":1}},"line":15},"3":{"name":"(anonymous_3)","decl":{"start":{"line":35,"column":29},"end":{"line":35,"column":30}},"loc":{"start":{"line":35,"column":40},"end":{"line":40,"column":1}},"line":35}},"branchMap":{"0":{"loc":{"start":{"line":27,"column":4},"end":{"line":29,"column":5}},"type":"if","locations":[{"start":{"line":27,"column":4},"end":{"line":29,"column":5}},{"start":{"line":27,"column":4},"end":{"line":29,"column":5}}],"line":27}},"s":{"0":2,"1":0,"2":2,"3":0,"4":0,"5":0,"6":2,"7":0,"8":0,"9":0,"10":0,"11":0,"12":2,"13":1,"14":1,"15":1},"f":{"0":0,"1":0,"2":0,"3":1},"b":{"0":[0,0]},"_coverageSchema":"1a1c01bbd47fc00a2c39e90264f33305004495a9","hash":"f26b7cd522ebf1aae8b499f84598c980856dcbd6"}
,"/Users/genaro_almaraz/Desktop/cs50-react-native/lecture-12/contacts-list-project/components/MyButton.js": {"path":"/Users/genaro_almaraz/Desktop/cs50-react-native/lecture-12/contacts-list-project/components/MyButton.js","statementMap":{"0":{"start":{"line":4,"column":21},"end":{"line":4,"column":70}}},"fnMap":{"0":{"name":"(anonymous_0)","decl":{"start":{"line":4,"column":15},"end":{"line":4,"column":16}},"loc":{"start":{"line":4,"column":21},"end":{"line":4,"column":70}},"line":4},"1":{"name":"(anonymous_1)","decl":{"start":{"line":4,"column":58},"end":{"line":4,"column":59}},"loc":{"start":{"line":4,"column":64},"end":{"line":4,"column":66}},"line":4}},"branchMap":{},"s":{"0":2},"f":{"0":2,"1":0},"b":{},"_coverageSchema":"1a1c01bbd47fc00a2c39e90264f33305004495a9","hash":"aaff20a35d0380377d019a7acb49b1e42a3d4d19"}
,"/Users/genaro_almaraz/Desktop/cs50-react-native/lecture-12/contacts-list-project/redux/actions.js": {"path":"/Users/genaro_almaraz/Desktop/cs50-react-native/lecture-12/contacts-list-project/redux/actions.js","statementMap":{"0":{"start":{"line":3,"column":27},"end":{"line":3,"column":40}},"1":{"start":{"line":4,"column":30},"end":{"line":4,"column":46}},"2":{"start":{"line":5,"column":25},"end":{"line":5,"column":36}},"3":{"start":{"line":7,"column":26},"end":{"line":10,"column":2}},"4":{"start":{"line":7,"column":37},"end":{"line":10,"column":1}},"5":{"start":{"line":11,"column":26},"end":{"line":14,"column":2}},"6":{"start":{"line":11,"column":41},"end":{"line":14,"column":1}},"7":{"start":{"line":15,"column":24},"end":{"line":19,"column":1}},"8":{"start":{"line":15,"column":30},"end":{"line":19,"column":1}},"9":{"start":{"line":16,"column":18},"end":{"line":16,"column":39}},"10":{"start":{"line":18,"column":4},"end":{"line":18,"column":49}}},"fnMap":{"0":{"name":"(anonymous_0)","decl":{"start":{"line":7,"column":26},"end":{"line":7,"column":27}},"loc":{"start":{"line":7,"column":37},"end":{"line":10,"column":1}},"line":7},"1":{"name":"(anonymous_1)","decl":{"start":{"line":11,"column":26},"end":{"line":11,"column":27}},"loc":{"start":{"line":11,"column":41},"end":{"line":14,"column":1}},"line":11},"2":{"name":"(anonymous_2)","decl":{"start":{"line":15,"column":24},"end":{"line":15,"column":25}},"loc":{"start":{"line":15,"column":30},"end":{"line":19,"column":1}},"line":15},"3":{"name":"(anonymous_3)","decl":{"start":{"line":15,"column":30},"end":{"line":15,"column":31}},"loc":{"start":{"line":15,"column":48},"end":{"line":19,"column":1}},"line":15}},"branchMap":{},"s":{"0":2,"1":2,"2":2,"3":2,"4":4,"5":2,"6":1,"7":2,"8":1,"9":1,"10":1},"f":{"0":4,"1":1,"2":1,"3":1},"b":{},"_coverageSchema":"1a1c01bbd47fc00a2c39e90264f33305004495a9","hash":"a3cfa228746bfb679c29f73570da0d50674c53d4"}
,"/Users/genaro_almaraz/Desktop/cs50-react-native/lecture-12/contacts-list-project/redux/reducer.js": {"path":"/Users/genaro_almaraz/Desktop/cs50-react-native/lecture-12/contacts-list-project/redux/reducer.js","statementMap":{"0":{"start":{"line":5,"column":14},"end":{"line":8,"column":2}},"1":{"start":{"line":5,"column":34},"end":{"line":8,"column":1}},"2":{"start":{"line":10,"column":20},"end":{"line":21,"column":1}},"3":{"start":{"line":11,"column":4},"end":{"line":20,"column":5}},"4":{"start":{"line":13,"column":12},"end":{"line":13,"column":47}},"5":{"start":{"line":16,"column":12},"end":{"line":16,"column":64}},"6":{"start":{"line":19,"column":12},"end":{"line":19,"column":24}},"7":{"start":{"line":23,"column":23},"end":{"line":29,"column":1}},"8":{"start":{"line":24,"column":4},"end":{"line":26,"column":5}},"9":{"start":{"line":25,"column":8},"end":{"line":25,"column":41}},"10":{"start":{"line":28,"column":4},"end":{"line":28,"column":16}},"11":{"start":{"line":31,"column":16},"end":{"line":34,"column":2}}},"fnMap":{"0":{"name":"(anonymous_0)","decl":{"start":{"line":5,"column":14},"end":{"line":5,"column":15}},"loc":{"start":{"line":5,"column":34},"end":{"line":8,"column":1}},"line":5},"1":{"name":"(anonymous_1)","decl":{"start":{"line":10,"column":20},"end":{"line":10,"column":21}},"loc":{"start":{"line":10,"column":44},"end":{"line":21,"column":1}},"line":10},"2":{"name":"(anonymous_2)","decl":{"start":{"line":23,"column":23},"end":{"line":23,"column":24}},"loc":{"start":{"line":23,"column":47},"end":{"line":29,"column":1}},"line":23}},"branchMap":{"0":{"loc":{"start":{"line":10,"column":21},"end":{"line":10,"column":31}},"type":"default-arg","locations":[{"start":{"line":10,"column":29},"end":{"line":10,"column":31}}],"line":10},"1":{"loc":{"start":{"line":11,"column":4},"end":{"line":20,"column":5}},"type":"switch","locations":[{"start":{"line":12,"column":8},"end":{"line":13,"column":47}},{"start":{"line":15,"column":8},"end":{"line":16,"column":64}},{"start":{"line":18,"column":8},"end":{"line":19,"column":24}}],"line":11},"2":{"loc":{"start":{"line":23,"column":24},"end":{"line":23,"column":34}},"type":"default-arg","locations":[{"start":{"line":23,"column":32},"end":{"line":23,"column":34}}],"line":23},"3":{"loc":{"start":{"line":24,"column":4},"end":{"line":26,"column":5}},"type":"if","locations":[{"start":{"line":24,"column":4},"end":{"line":26,"column":5}},{"start":{"line":24,"column":4},"end":{"line":26,"column":5}}],"line":24}},"s":{"0":1,"1":2,"2":1,"3":4,"4":1,"5":1,"6":2,"7":1,"8":4,"9":1,"10":3,"11":1},"f":{"0":2,"1":4,"2":4},"b":{"0":[2],"1":[1,1,2],"2":[2],"3":[1,3]},"_coverageSchema":"1a1c01bbd47fc00a2c39e90264f33305004495a9","hash":"a514761693a360970ba2dcea4cde9a1123767f44"}
}
